4.00 7.00 8.00 6.00 4.00 6.00 7.00 3.00 10.00 2.00 
3.00 8.00 1.00 10.00 4.00 7.00 1.00 7.00 3.00 7.00 
2.00 9.00 8.00 10.00 3.00 1.00 3.00 4.00 8.00 6.00 
10.00 3.00 3.00 9.00 10.00 8.00 4.00 7.00 2.00 3.00 
10.00 4.00 2.00 10.00 5.00 8.00 9.00 5.00 6.00 1.00 
4.00 7.00 2.00 1.00 7.00 4.00 3.00 1.00 7.00 2.00 
6.00 6.00 5.00 8.00 7.00 6.00 7.00 10.00 4.00 8.00 
5.00 6.00 3.00 6.00 5.00 8.00 5.00 5.00 4.00 1.00 
8.00 9.00 7.00 9.00 9.00 5.00 4.00 2.00 5.00 10.00 
3.00 1.00 7.00 9.00 10.00 3.00 7.00 7.00 5.00 10.00 

6.00 1.00 5.00 9.00 8.00 2.00 8.00 3.00 8.00 3.00 
3.00 7.00 2.00 1.00 7.00 2.00 6.00 10.00 5.00 10.00 
1.00 10.00 2.00 8.00 8.00 2.00 2.00 6.00 10.00 8.00 
8.00 7.00 8.00 4.00 7.00 6.00 7.00 4.00 10.00 5.00 
9.00 2.00 3.00 10.00 4.00 10.00 1.00 9.00 9.00 6.00 
1.00 10.00 7.00 4.00 9.00 6.00 7.00 2.00 2.00 6.00 
10.00 9.00 5.00 9.00 2.00 1.00 4.00 1.00 5.00 5.00 
5.00 5.00 8.00 7.00 4.00 2.00 8.00 6.00 10.00 7.00 
3.00 2.00 8.00 9.00 6.00 8.00 5.00 2.00 9.00 6.00 
10.00 8.00 6.00 4.00 9.00 9.00 4.00 2.00 9.00 10.00 

278.00 357.00 303.00 377.00 361.00 261.00 288.00 251.00 428.00 372.00 
290.00 323.00 301.00 264.00 348.00 268.00 300.00 248.00 389.00 355.00 
289.00 342.00 287.00 316.00 358.00 263.00 274.00 268.00 451.00 385.00 
353.00 323.00 330.00 400.00 375.00 295.00 327.00 276.00 456.00 348.00 
350.00 344.00 352.00 406.00 369.00 266.00 349.00 236.00 439.00 340.00 
198.00 196.00 186.00 254.00 238.00 205.00 183.00 196.00 274.00 253.00 
404.00 413.00 374.00 427.00 418.00 319.00 359.00 306.00 526.00 445.00 
249.00 295.00 265.00 301.00 303.00 218.00 269.00 223.00 341.00 301.00 
405.00 408.00 342.00 418.00 463.00 360.00 336.00 329.00 535.00 463.00 
413.00 381.00 345.00 429.00 379.00 345.00 287.00 272.00 525.00 412.00 
