Node: 0 Numbers: 1.000000 - 10001.000000
0 count is: 36446.000000
Node: 1 Numbers: 10000.000000 - 20000.000000
1 count is: 18330.000000
Node: 2 Numbers: 20000.000000 - 30000.000000
2 count is: 67593.000000
Node: 3 Numbers: 30000.000000 - 40000.000000
3 count is: 76521.000000
Node: 4 Numbers: 40000.000000 - 50000.000000
4 count is: 46655.000000
Node: 5 Numbers: 50000.000000 - 60000.000000
5 count is: 57270.000000
Node: 6 Numbers: 60000.000000 - 70000.000000
6 count is: 66815.000000
Node: 7 Numbers: 70000.000000 - 80000.000000
7 count is: 0.000000
Node: 8 Numbers: 80000.000000 - 90000.000000
8 count is: 0.000000
Node: 9 Numbers: 90000.000000 - 100000.000000
9 count is: 92664.000000
Node: 10 Numbers: 100000.000000 - 110000.000000
10 count is: 0.000000
Node: 11 Numbers: 110000.000000 - 120000.000000
11 count is: 0.000000
Node: 12 Numbers: 120000.000000 - 130000.000000
12 count is: 125255.000000
Node: 13 Numbers: 130000.000000 - 140000.000000
13 count is: 0.000000
Node: 14 Numbers: 140000.000000 - 150000.000000
14 count is: 0.000000
Node: 15 Numbers: 150000.000000 - 160000.000000
15 count is: 156570.000000
Node: 16 Numbers: 160000.000000 - 170000.000000
16 count is: 0.000000
Node: 17 Numbers: 170000.000000 - 180000.000000
17 count is: 0.000000
Node: 18 Numbers: 180000.000000 - 190000.000000
18 count is: 182665.000000
Node: 19 Numbers: 190000.000000 - 200000.000000
19 count is: 0.000000
Node: 20 Numbers: 200000.000000 - 210000.000000
20 count is: 208182.000000
Node: 21 Numbers: 210000.000000 - 220000.000000
21 count is: 212949.000000
Node: 22 Numbers: 220000.000000 - 230000.000000
22 count is: 0.000000
Node: 23 Numbers: 230000.000000 - 240000.000000
23 count is: 0.000000
srun: Job step aborted: Waiting up to 32 seconds for job step to finish.
slurmstepd: error: *** JOB 2861 ON hpcl1-1 CANCELLED AT 2020-10-04T15:58:51 ***
slurmstepd: error: *** STEP 2861.0 ON hpcl1-1 CANCELLED AT 2020-10-04T15:58:51 ***
