Node: 0 Numbers: 1.000000 - 25001.000000
0 count is: 122369.000000
Node: 1 Numbers: 25000.000000 - 50000.000000
1 count is: 123176.000000
Node: 2 Numbers: 50000.000000 - 75000.000000
2 count is: 124085.000000
Node: 3 Numbers: 75000.000000 - 100000.000000
3 count is: 92664.000000
Node: 4 Numbers: 100000.000000 - 125000.000000
4 count is: 0.000000
Node: 5 Numbers: 125000.000000 - 150000.000000
5 count is: 125255.000000
Node: 6 Numbers: 150000.000000 - 175000.000000
6 count is: 156570.000000
Node: 7 Numbers: 175000.000000 - 200000.000000
7 count is: 182665.000000
Node: 8 Numbers: 200000.000000 - 225000.000000
8 count is: 421131.000000
Node: 9 Numbers: 225000.000000 - 250000.000000
9 count is: 242879.000000
Node: 10 Numbers: 250000.000000 - 275000.000000
10 count is: 273265.000000
Node: 11 Numbers: 275000.000000 - 300000.000000
11 count is: 0.000000
Node: 12 Numbers: 300000.000000 - 325000.000000
12 count is: 0.000000
Node: 13 Numbers: 325000.000000 - 350000.000000
13 count is: 0.000000
Node: 14 Numbers: 350000.000000 - 375000.000000
14 count is: 0.000000
Node: 15 Numbers: 375000.000000 - 400000.000000
15 count is: 771856.000000
Node: 16 Numbers: 400000.000000 - 425000.000000
16 count is: 411558.000000
Node: 17 Numbers: 425000.000000 - 450000.000000
17 count is: 0.000000
Node: 18 Numbers: 450000.000000 - 475000.000000
18 count is: 0.000000
Node: 19 Numbers: 475000.000000 - 500000.000000
19 count is: 0.000000
Node: 20 Numbers: 500000.000000 - 525000.000000
20 count is: 0.000000
slurmstepd: error: *** JOB 2864 ON hpcl1-1 CANCELLED AT 2020-10-04T16:11:49 ***
srun: Job step aborted: Waiting up to 32 seconds for job step to finish.
slurmstepd: error: *** STEP 2864.0 ON hpcl1-1 CANCELLED AT 2020-10-04T16:11:49 ***
